<?xml version="1.0" encoding="UTF-8"?>
<!-- Generated by org.testng.reporters.JUnitReportReporter -->
<testsuite hostname="TF-392634374403" failures="0" tests="1" name="tests.TestSauceDemo" time="1.243" errors="0" timestamp="2025-10-26T10:51:28 IST" skipped="0">
  <testcase classname="tests.TestSauceDemo" name="test_complete_flow" time="1.243"/>
</testsuite> <!-- tests.TestSauceDemo -->
